0 info it worked if it ends with ok
1 verbose cli [ 'node', '/usr/bin/npm', 'start' ]
2 info using npm@3.9.2
3 info using node@v0.10.42
4 verbose run-script [ 'prestart', 'start', 'poststart' ]
5 info lifecycle hkproduct@0.0.0~prestart: hkproduct@0.0.0
6 silly lifecycle hkproduct@0.0.0~prestart: no script for prestart, continuing
7 info lifecycle hkproduct@0.0.0~start: hkproduct@0.0.0
8 verbose lifecycle hkproduct@0.0.0~start: unsafe-perm in lifecycle true
9 verbose lifecycle hkproduct@0.0.0~start: PATH: /usr/lib/node_modules/npm/bin/node-gyp-bin:/var/www/html/hkproduct/node_modules/.bin:/usr/bin:/usr/local/sbin:/usr/local/bin:/usr/sbin:/usr/bin:/root/bin
10 verbose lifecycle hkproduct@0.0.0~start: CWD: /var/www/html/hkproduct
11 silly lifecycle hkproduct@0.0.0~start: Args: [ '-c', 'node ./bin/www' ]
12 silly lifecycle hkproduct@0.0.0~start: Returned: code: 8  signal: null
13 info lifecycle hkproduct@0.0.0~start: Failed to exec start script
14 verbose stack Error: hkproduct@0.0.0 start: `node ./bin/www`
14 verbose stack Exit status 8
14 verbose stack     at EventEmitter.<anonymous> (/usr/lib/node_modules/npm/lib/utils/lifecycle.js:245:16)
14 verbose stack     at EventEmitter.emit (events.js:98:17)
14 verbose stack     at ChildProcess.<anonymous> (/usr/lib/node_modules/npm/lib/utils/spawn.js:24:14)
14 verbose stack     at ChildProcess.emit (events.js:98:17)
14 verbose stack     at maybeClose (child_process.js:766:16)
14 verbose stack     at Process.ChildProcess._handle.onexit (child_process.js:833:5)
15 verbose pkgid hkproduct@0.0.0
16 verbose cwd /var/www/html/hkproduct
17 error Linux 3.10.0-123.9.3.el7.x86_64
18 error argv "node" "/usr/bin/npm" "start"
19 error node v0.10.42
20 error npm  v3.9.2
21 error code ELIFECYCLE
22 error hkproduct@0.0.0 start: `node ./bin/www`
22 error Exit status 8
23 error Failed at the hkproduct@0.0.0 start script 'node ./bin/www'.
23 error Make sure you have the latest version of node.js and npm installed.
23 error If you do, this is most likely a problem with the hkproduct package,
23 error not with npm itself.
23 error Tell the author that this fails on your system:
23 error     node ./bin/www
23 error You can get information on how to open an issue for this project with:
23 error     npm bugs hkproduct
23 error Or if that isn't available, you can get their info via:
23 error     npm owner ls hkproduct
23 error There is likely additional logging output above.
24 verbose exit [ 1, true ]
